  [1m[35m (1618.4ms)[0m  [1m[35mCREATE DATABASE "FACEBOOK_CLONE_development" ENCODING = 'unicode'[0m
  [1m[35m (909.9ms)[0m  [1m[35mCREATE DATABASE "FACEBOOK_CLONE_test" ENCODING = 'unicode'[0m
  [1m[35m (316.3ms)[0m  [1m[35mCREATE TABLE "schema_migrations" ("version" character varying NOT NULL PRIMARY KEY)[0m
  [1m[35m (206.5ms)[0m  [1m[35mCREATE TABLE "ar_internal_metadata" ("key" character varying NOT NULL PRIMARY KEY, "value" character varying, "created_at" timestamp(6) NOT NULL, "updated_at" timestamp(6) NOT NULL)[0m
  [1m[35m (0.5ms)[0m  [1m[34mSELECT pg_try_advisory_lock(8148762895516731390)[0m
  [1m[35m (0.8ms)[0m  [1m[34mSELECT "schema_migrations"."version" FROM "schema_migrations" ORDER BY "schema_migrations"."version" ASC[0m
  [1m[36mActiveRecord::InternalMetadata Load (0.7ms)[0m  [1m[34mSELECT "ar_internal_metadata".* FROM "ar_internal_metadata" WHERE "ar_internal_metadata"."key" = $1 LIMIT $2[0m  [["key", "environment"], ["LIMIT", 1]]
  [1m[35m (0.7ms)[0m  [1m[35mBEGIN[0m
  [1m[36mActiveRecord::InternalMetadata Create (0.9ms)[0m  [1m[32mINSERT INTO "ar_internal_metadata" ("key", "value", "created_at", "updated_at") VALUES ($1, $2, $3, $4) RETURNING "key"[0m  [["key", "environment"], ["value", "development"], ["created_at", "2020-01-17 12:48:32.283113"], ["updated_at", "2020-01-17 12:48:32.283113"]]
  [1m[35m (14.5ms)[0m  [1m[35mCOMMIT[0m
  [1m[35m (0.7ms)[0m  [1m[34mSELECT pg_advisory_unlock(8148762895516731390)[0m
  [1m[35m (1.1ms)[0m  [1m[34mSELECT "schema_migrations"."version" FROM "schema_migrations" ORDER BY "schema_migrations"."version" ASC[0m
  [1m[35m (32.1ms)[0m  [1m[35mCREATE DATABASE "FACEBOOK_CLONE_development" ENCODING = 'unicode'[0m
  [1m[35m (1.0ms)[0m  [1m[35mCREATE DATABASE "FACEBOOK_CLONE_test" ENCODING = 'unicode'[0m
  [1m[35m (2.2ms)[0m  [1m[34mSELECT "schema_migrations"."version" FROM "schema_migrations" ORDER BY "schema_migrations"."version" ASC[0m
  [1m[35m (0.9ms)[0m  [1m[34mSELECT "schema_migrations"."version" FROM "schema_migrations" ORDER BY "schema_migrations"."version" ASC[0m
  [1m[35mSQL (1.6ms)[0m  [1m[35mCREATE EXTENSION IF NOT EXISTS "plpgsql"[0m
  [1m[35m (1.3ms)[0m  [1m[34mSELECT "schema_migrations"."version" FROM "schema_migrations" ORDER BY "schema_migrations"."version" ASC[0m
  [1m[35m (30.4ms)[0m  [1m[32mINSERT INTO "schema_migrations" (version) VALUES (0)[0m
  [1m[36mActiveRecord::InternalMetadata Load (0.7ms)[0m  [1m[34mSELECT "ar_internal_metadata".* FROM "ar_internal_metadata" WHERE "ar_internal_metadata"."key" = $1 LIMIT $2[0m  [["key", "environment"], ["LIMIT", 1]]
  [1m[36mActiveRecord::InternalMetadata Load (0.4ms)[0m  [1m[34mSELECT "ar_internal_metadata".* FROM "ar_internal_metadata" WHERE "ar_internal_metadata"."key" = $1 LIMIT $2[0m  [["key", "environment"], ["LIMIT", 1]]
  [1m[36mActiveRecord::InternalMetadata Load (0.5ms)[0m  [1m[34mSELECT "ar_internal_metadata".* FROM "ar_internal_metadata" WHERE "ar_internal_metadata"."key" = $1 LIMIT $2[0m  [["key", "schema_sha1"], ["LIMIT", 1]]
  [1m[35m (0.3ms)[0m  [1m[35mBEGIN[0m
  [1m[36mActiveRecord::InternalMetadata Create (0.8ms)[0m  [1m[32mINSERT INTO "ar_internal_metadata" ("key", "value", "created_at", "updated_at") VALUES ($1, $2, $3, $4) RETURNING "key"[0m  [["key", "schema_sha1"], ["value", "83e6e9510955ef04f606b0339b1f0d53760104f9"], ["created_at", "2020-01-17 12:48:48.422092"], ["updated_at", "2020-01-17 12:48:48.422092"]]
  [1m[35m (5.7ms)[0m  [1m[35mCOMMIT[0m
  [1m[35mSQL (0.6ms)[0m  [1m[35mCREATE EXTENSION IF NOT EXISTS "plpgsql"[0m
  [1m[35m (210.4ms)[0m  [1m[35mCREATE TABLE "schema_migrations" ("version" character varying NOT NULL PRIMARY KEY)[0m
  [1m[35m (0.9ms)[0m  [1m[34mSELECT "schema_migrations"."version" FROM "schema_migrations" ORDER BY "schema_migrations"."version" ASC[0m
  [1m[35m (10.0ms)[0m  [1m[32mINSERT INTO "schema_migrations" (version) VALUES (0)[0m
  [1m[35m (304.8ms)[0m  [1m[35mCREATE TABLE "ar_internal_metadata" ("key" character varying NOT NULL PRIMARY KEY, "value" character varying, "created_at" timestamp(6) NOT NULL, "updated_at" timestamp(6) NOT NULL)[0m
  [1m[36mActiveRecord::InternalMetadata Load (0.5ms)[0m  [1m[34mSELECT "ar_internal_metadata".* FROM "ar_internal_metadata" WHERE "ar_internal_metadata"."key" = $1 LIMIT $2[0m  [["key", "environment"], ["LIMIT", 1]]
  [1m[35m (2.3ms)[0m  [1m[35mBEGIN[0m
  [1m[36mActiveRecord::InternalMetadata Create (0.9ms)[0m  [1m[32mINSERT INTO "ar_internal_metadata" ("key", "value", "created_at", "updated_at") VALUES ($1, $2, $3, $4) RETURNING "key"[0m  [["key", "environment"], ["value", "development"], ["created_at", "2020-01-17 12:48:49.040872"], ["updated_at", "2020-01-17 12:48:49.040872"]]
  [1m[35m (42.0ms)[0m  [1m[35mCOMMIT[0m
  [1m[36mActiveRecord::InternalMetadata Load (0.6ms)[0m  [1m[34mSELECT "ar_internal_metadata".* FROM "ar_internal_metadata" WHERE "ar_internal_metadata"."key" = $1 LIMIT $2[0m  [["key", "environment"], ["LIMIT", 1]]
  [1m[35m (2.6ms)[0m  [1m[35mBEGIN[0m
  [1m[36mActiveRecord::InternalMetadata Update (25.8ms)[0m  [1m[33mUPDATE "ar_internal_metadata" SET "value" = $1, "updated_at" = $2 WHERE "ar_internal_metadata"."key" = $3[0m  [["value", "test"], ["updated_at", "2020-01-17 12:48:49.100695"], ["key", "environment"]]
  [1m[35m (152.7ms)[0m  [1m[35mCOMMIT[0m
  [1m[36mActiveRecord::InternalMetadata Load (0.7ms)[0m  [1m[34mSELECT "ar_internal_metadata".* FROM "ar_internal_metadata" WHERE "ar_internal_metadata"."key" = $1 LIMIT $2[0m  [["key", "schema_sha1"], ["LIMIT", 1]]
  [1m[35m (2.8ms)[0m  [1m[35mBEGIN[0m
  [1m[36mActiveRecord::InternalMetadata Create (0.9ms)[0m  [1m[32mINSERT INTO "ar_internal_metadata" ("key", "value", "created_at", "updated_at") VALUES ($1, $2, $3, $4) RETURNING "key"[0m  [["key", "schema_sha1"], ["value", "83e6e9510955ef04f606b0339b1f0d53760104f9"], ["created_at", "2020-01-17 12:48:49.296535"], ["updated_at", "2020-01-17 12:48:49.296535"]]
  [1m[35m (17.0ms)[0m  [1m[35mCOMMIT[0m
  [1m[35m (1.4ms)[0m  [1m[34mSELECT "schema_migrations"."version" FROM "schema_migrations" ORDER BY "schema_migrations"."version" ASC[0m
  [1m[35m (1.2ms)[0m  [1m[34mSELECT pg_try_advisory_lock(8148762895516731390)[0m
  [1m[35m (5.2ms)[0m  [1m[34mSELECT "schema_migrations"."version" FROM "schema_migrations" ORDER BY "schema_migrations"."version" ASC[0m
Migrating to DeviseCreateUsers (20200117130754)
  [1m[35m (0.3ms)[0m  [1m[35mBEGIN[0m
  [1m[35m (304.2ms)[0m  [1m[35mCREATE TABLE "users" ("id" bigserial primary key, "email" character varying DEFAULT '' NOT NULL, "encrypted_password" character varying DEFAULT '' NOT NULL, "reset_password_token" character varying, "reset_password_sent_at" timestamp, "remember_created_at" timestamp, "created_at" timestamp(6) NOT NULL, "updated_at" timestamp(6) NOT NULL)[0m
  [1m[35m (48.3ms)[0m  [1m[35mCREATE UNIQUE INDEX  "index_users_on_email" ON "users"  ("email")[0m
  [1m[35m (40.9ms)[0m  [1m[35mCREATE UNIQUE INDEX  "index_users_on_reset_password_token" ON "users"  ("reset_password_token")[0m
  [1m[36mprimary::SchemaMigration Create (19.0ms)[0m  [1m[32mINSERT INTO "schema_migrations" ("version") VALUES ($1) RETURNING "version"[0m  [["version", "20200117130754"]]
  [1m[35m (13.9ms)[0m  [1m[35mCOMMIT[0m
  [1m[36mActiveRecord::InternalMetadata Load (12.1ms)[0m  [1m[34mSELECT "ar_internal_metadata".* FROM "ar_internal_metadata" WHERE "ar_internal_metadata"."key" = $1 LIMIT $2[0m  [["key", "environment"], ["LIMIT", 1]]
  [1m[35m (1.6ms)[0m  [1m[34mSELECT pg_advisory_unlock(8148762895516731390)[0m
  [1m[35m (1.0ms)[0m  [1m[34mSELECT "schema_migrations"."version" FROM "schema_migrations" ORDER BY "schema_migrations"."version" ASC[0m
Started GET "/users/sign_up" for ::1 at 2020-01-17 14:11:28 +0100
  [1m[35m (1.3ms)[0m  [1m[34mSELECT "schema_migrations"."version" FROM "schema_migrations" ORDER BY "schema_migrations"."version" ASC[0m
Processing by Devise::RegistrationsController#new as HTML
  Rendering /home/chubiyojo/.rvm/gems/ruby-2.6.3/gems/devise-4.7.1/app/views/devise/registrations/new.html.erb within layouts/application
  Rendered /home/chubiyojo/.rvm/gems/ruby-2.6.3/gems/devise-4.7.1/app/views/devise/shared/_error_messages.html.erb (Duration: 1.0ms | Allocations: 213)
  Rendered /home/chubiyojo/.rvm/gems/ruby-2.6.3/gems/devise-4.7.1/app/views/devise/shared/_links.html.erb (Duration: 1.9ms | Allocations: 547)
  Rendered /home/chubiyojo/.rvm/gems/ruby-2.6.3/gems/devise-4.7.1/app/views/devise/registrations/new.html.erb within layouts/application (Duration: 260.2ms | Allocations: 9371)
[Webpacker] Compiling...
[Webpacker] Compilation failed:
Hash: b8da895a0e9dad042448
Version: webpack 4.41.5
Time: 3201ms
Built at: 17/01/2020 14:11:41
                                     Asset       Size       Chunks                         Chunk Names
    js/application-dcddf4d84d8d8e69f47f.js   7.27 KiB  application  [emitted] [immutable]  application
js/application-dcddf4d84d8d8e69f47f.js.map   3.53 KiB  application  [emitted] [dev]        application
                             manifest.json  364 bytes               [emitted]              
Entrypoint application = js/application-dcddf4d84d8d8e69f47f.js js/application-dcddf4d84d8d8e69f47f.js.map
[./app/javascript/packs/application.js] 3.37 KiB {application} [built] [failed] [1 error]

ERROR in ./app/javascript/packs/application.js
Module build failed (from ./node_modules/babel-loader/lib/index.js):
Error: Package exports for '/home/chubiyojo/Desktop/Code Review/New Project 8/FACEBOOK-CLONE/node_modules/@babel/helper-compilation-targets' do not define a '.' subpath
    at applyExports (internal/modules/cjs/loader.js:485:15)
    at resolveExports (internal/modules/cjs/loader.js:508:12)
    at Function.Module._findPath (internal/modules/cjs/loader.js:577:20)
    at Function.Module._resolveFilename (internal/modules/cjs/loader.js:879:27)
    at Function.Module._load (internal/modules/cjs/loader.js:785:27)
    at Module.require (internal/modules/cjs/loader.js:956:19)
    at require (/home/chubiyojo/Desktop/Code Review/New Project 8/FACEBOOK-CLONE/node_modules/v8-compile-cache/v8-compile-cache.js:161:20)
    at Object.<anonymous> (/home/chubiyojo/Desktop/Code Review/New Project 8/FACEBOOK-CLONE/node_modules/@babel/preset-env/lib/debug.js:8:33)
    at Module._compile (/home/chubiyojo/Desktop/Code Review/New Project 8/FACEBOOK-CLONE/node_modules/v8-compile-cache/v8-compile-cache.js:192:30)
    at Object.Module._extensions..js (internal/modules/cjs/loader.js:1103:10)
    at Module.load (internal/modules/cjs/loader.js:914:32)
    at Function.Module._load (internal/modules/cjs/loader.js:822:14)
    at Module.require (internal/modules/cjs/loader.js:956:19)
    at require (/home/chubiyojo/Desktop/Code Review/New Project 8/FACEBOOK-CLONE/node_modules/v8-compile-cache/v8-compile-cache.js:161:20)
    at Object.<anonymous> (/home/chubiyojo/Desktop/Code Review/New Project 8/FACEBOOK-CLONE/node_modules/@babel/preset-env/lib/index.js:11:14)
    at Module._compile (/home/chubiyojo/Desktop/Code Review/New Project 8/FACEBOOK-CLONE/node_modules/v8-compile-cache/v8-compile-cache.js:192:30)
    at Object.Module._extensions..js (internal/modules/cjs/loader.js:1103:10)
    at Module.load (internal/modules/cjs/loader.js:914:32)
    at Function.Module._load (internal/modules/cjs/loader.js:822:14)
    at Module.require (internal/modules/cjs/loader.js:956:19)
    at require (/home/chubiyojo/Desktop/Code Review/New Project 8/FACEBOOK-CLONE/node_modules/v8-compile-cache/v8-compile-cache.js:161:20)
    at requireModule (/home/chubiyojo/Desktop/Code Review/New Project 8/FACEBOOK-CLONE/node_modules/@babel/core/lib/config/files/plugins.js:165:12)
    at loadPreset (/home/chubiyojo/Desktop/Code Review/New Project 8/FACEBOOK-CLONE/node_modules/@babel/core/lib/config/files/plugins.js:83:17)
    at createDescriptor (/home/chubiyojo/Desktop/Code Review/New Project 8/FACEBOOK-CLONE/node_modules/@babel/core/lib/config/config-descriptors.js:154:9)
    at /home/chubiyojo/Desktop/Code Review/New Project 8/FACEBOOK-CLONE/node_modules/@babel/core/lib/config/config-descriptors.js:109:50
    at Array.map (<anonymous>)
    at createDescriptors (/home/chubiyojo/Desktop/Code Review/New Project 8/FACEBOOK-CLONE/node_modules/@babel/core/lib/config/config-descriptors.js:109:29)
    at createPresetDescriptors (/home/chubiyojo/Desktop/Code Review/New Project 8/FACEBOOK-CLONE/node_modules/@babel/core/lib/config/config-descriptors.js:101:10)
    at presets (/home/chubiyojo/Desktop/Code Review/New Project 8/FACEBOOK-CLONE/node_modules/@babel/core/lib/config/config-descriptors.js:47:19)
    at mergeChainOpts (/home/chubiyojo/Desktop/Code Review/New Project 8/FACEBOOK-CLONE/node_modules/@babel/core/lib/config/config-chain.js:320:26)

Completed 200 OK in 12733ms (Views: 12690.7ms | ActiveRecord: 10.7ms | Allocations: 33598)


Started GET "/users/sign_in" for ::1 at 2020-01-17 14:12:03 +0100
Processing by Devise::SessionsController#new as HTML
  Rendering /home/chubiyojo/.rvm/gems/ruby-2.6.3/gems/devise-4.7.1/app/views/devise/sessions/new.html.erb within layouts/application
  Rendered /home/chubiyojo/.rvm/gems/ruby-2.6.3/gems/devise-4.7.1/app/views/devise/shared/_links.html.erb (Duration: 0.7ms | Allocations: 215)
  Rendered /home/chubiyojo/.rvm/gems/ruby-2.6.3/gems/devise-4.7.1/app/views/devise/sessions/new.html.erb within layouts/application (Duration: 53.5ms | Allocations: 2018)
[Webpacker] Everything's up-to-date. Nothing to do
Completed 200 OK in 110ms (Views: 78.4ms | ActiveRecord: 0.0ms | Allocations: 7266)


  [1m[35m (0.6ms)[0m  [1m[34mSELECT pg_try_advisory_lock(8148762895516731390)[0m
  [1m[35m (1.3ms)[0m  [1m[34mSELECT "schema_migrations"."version" FROM "schema_migrations" ORDER BY "schema_migrations"."version" ASC[0m
Migrating to AddOmniauthToUsers (20200117131421)
  [1m[35m (0.3ms)[0m  [1m[35mBEGIN[0m
  [1m[35m (32.7ms)[0m  [1m[35mALTER TABLE "users" ADD "provider" character varying[0m
  [1m[35m (1.1ms)[0m  [1m[35mALTER TABLE "users" ADD "uid" character varying[0m
  [1m[36mprimary::SchemaMigration Create (4.2ms)[0m  [1m[32mINSERT INTO "schema_migrations" ("version") VALUES ($1) RETURNING "version"[0m  [["version", "20200117131421"]]
  [1m[35m (12.3ms)[0m  [1m[35mCOMMIT[0m
  [1m[36mActiveRecord::InternalMetadata Load (1.1ms)[0m  [1m[34mSELECT "ar_internal_metadata".* FROM "ar_internal_metadata" WHERE "ar_internal_metadata"."key" = $1 LIMIT $2[0m  [["key", "environment"], ["LIMIT", 1]]
  [1m[35m (0.5ms)[0m  [1m[34mSELECT pg_advisory_unlock(8148762895516731390)[0m
  [1m[35m (2.1ms)[0m  [1m[34mSELECT "schema_migrations"."version" FROM "schema_migrations" ORDER BY "schema_migrations"."version" ASC[0m
Started GET "/users/sign_up" for ::1 at 2020-01-17 14:25:30 +0100
  
ArgumentError (Invalid route name, already in use: 'new_user_session' 
You may have defined two routes with the same name using the `:as` option, or you may be overriding a route already defined by a resource with the same naming. For the latter, you can restrict the routes created with `resources` as explained here: 
https://guides.rubyonrails.org/routing.html#restricting-the-routes-created):
  
config/routes.rb:5:in `block in <main>'
config/routes.rb:1:in `<main>'
